<?xml version="1.0" encoding="UTF-8"?>
<testng-results ignored="0" total="2" passed="1" failed="1" skipped="0">
  <reporter-output>
  </reporter-output>
  <suite started-at="2022-09-19T16:46:11 IST" name="Default suite" finished-at="2022-09-19T16:46:36 IST" duration-ms="25584">
    <groups>
    </groups>
    <test started-at="2022-09-19T16:46:11 IST" name="Default test" finished-at="2022-09-19T16:46:36 IST" duration-ms="25584">
      <class name="myProject.mobileWorld.AppTest">
        <test-method signature="signInPage(java.lang.String,java.lang.String)[pri:1, instance:myProject.mobileWorld.AppTest@14555e0a]" started-at="2022-09-19T16:46:11 IST" name="signInPage" data-provider="dataProvider2" finished-at="2022-09-19T16:46:25 IST" duration-ms="14210" status="FAIL">
          <params>
            <param index="0">
              <value>
                <![CDATA[ga]]>
              </value>
            </param>
            <param index="1">
              <value>
                <![CDATA[kj]]>
              </value>
            </param>
          </params>
          <exception class="org.junit.ComparisonFailure">
            <message>
              <![CDATA[expected:<...world.banyanpro.com/[sign].html> but was:<...world.banyanpro.com/[index].html>]]>
            </message>
            <full-stacktrace>
              <![CDATA[org.junit.ComparisonFailure: expected:<...world.banyanpro.com/[sign].html> but was:<...world.banyanpro.com/[index].html>
at org.junit.Assert.assertEquals(Assert.java:115)
at org.junit.Assert.assertEquals(Assert.java:144)
at myProject.mobileWorld.Pages.SignIn.isUserNameTestPassed(SignIn.java:46)
at myProject.mobileWorld.AppTest.signInPage(AppTest.java:70)
at java.base/jdk.internal.reflect.NativeMethodAccessorImpl.invoke0(Native Method)
at java.base/jdk.internal.reflect.NativeMethodAccessorImpl.invoke(NativeMethodAccessorImpl.java:62)
at java.base/jdk.internal.reflect.DelegatingMethodAccessorImpl.invoke(DelegatingMethodAccessorImpl.java:43)
at java.base/java.lang.reflect.Method.invoke(Method.java:566)
at org.testng.internal.MethodInvocationHelper.invokeMethod(MethodInvocationHelper.java:133)
at org.testng.internal.TestInvoker.invokeMethod(TestInvoker.java:598)
at org.testng.internal.TestInvoker.invokeTestMethod(TestInvoker.java:173)
at org.testng.internal.MethodRunner.runInSequence(MethodRunner.java:46)
at org.testng.internal.TestInvoker$MethodInvocationAgent.invoke(TestInvoker.java:824)
at org.testng.internal.TestInvoker.invokeTestMethods(TestInvoker.java:146)
at org.testng.internal.TestMethodWorker.invokeTestMethods(TestMethodWorker.java:146)
at org.testng.internal.TestMethodWorker.run(TestMethodWorker.java:128)
at java.base/java.util.ArrayList.forEach(ArrayList.java:1541)
at org.testng.TestRunner.privateRun(TestRunner.java:794)
at org.testng.TestRunner.run(TestRunner.java:596)
at org.testng.SuiteRunner.runTest(SuiteRunner.java:377)
at org.testng.SuiteRunner.runSequentially(SuiteRunner.java:371)
at org.testng.SuiteRunner.privateRun(SuiteRunner.java:332)
at org.testng.SuiteRunner.run(SuiteRunner.java:276)
at org.testng.SuiteRunnerWorker.runSuite(SuiteRunnerWorker.java:53)
at org.testng.SuiteRunnerWorker.run(SuiteRunnerWorker.java:96)
at org.testng.TestNG.runSuitesSequentially(TestNG.java:1212)
at org.testng.TestNG.runSuitesLocally(TestNG.java:1134)
at org.testng.TestNG.runSuites(TestNG.java:1063)
at org.testng.TestNG.run(TestNG.java:1031)
at org.testng.remote.AbstractRemoteTestNG.run(AbstractRemoteTestNG.java:115)
at org.testng.remote.RemoteTestNG.initAndRun(RemoteTestNG.java:251)
at org.testng.remote.RemoteTestNG.main(RemoteTestNG.java:77)
]]>
            </full-stacktrace>
          </exception> <!-- org.junit.ComparisonFailure -->
          <reporter-output>
          </reporter-output>
        </test-method> <!-- signInPage -->
        <test-method signature="signInPage(java.lang.String,java.lang.String)[pri:1, instance:myProject.mobileWorld.AppTest@14555e0a]" started-at="2022-09-19T16:46:25 IST" name="signInPage" data-provider="dataProvider2" finished-at="2022-09-19T16:46:36 IST" duration-ms="11311" status="PASS">
          <params>
            <param index="0">
              <value>
                <![CDATA[nithyashettyyy]]>
              </value>
            </param>
            <param index="1">
              <value>
                <![CDATA[jgywsuhquywquhiswijqihwwshu]]>
              </value>
            </param>
          </params>
          <reporter-output>
          </reporter-output>
        </test-method> <!-- signInPage -->
      </class> <!-- myProject.mobileWorld.AppTest -->
    </test> <!-- Default test -->
  </suite> <!-- Default suite -->
</testng-results>
